<?xml version="1.0" encoding="UTF-8"?>
<!-- Generated by org.testng.reporters.JUnitReportReporter -->
<testsuite hostname="LAPTOP-69CS28LU" failures="0" tests="3" name="com.facebook.Testing" time="7.966" errors="0" timestamp="2022-06-13T18:41:05 IST" skipped="0">
  <testcase classname="com.facebook.Testing" name="testOne" time="3.559"/>
  <system-out/>
  <testcase classname="com.facebook.Testing" name="testTwo" time="2.217"/>
  <system-out/>
  <testcase classname="com.facebook.Testing" name="testThree" time="2.190"/>
  <system-out/>
</testsuite> <!-- com.facebook.Testing -->
